d:\usw cs doc\oop\assignment 2\cs4d768 tutorial 5-student_ooblob\debug\vc143.pdb
d:\usw cs doc\oop\assignment 2\cs4d768 tutorial 5-student_ooblob\debug\vc143.idb
d:\usw cs doc\oop\assignment 2\cs4d768 tutorial 5-student_ooblob\debug\pworld.obj
d:\usw cs doc\oop\assignment 2\cs4d768 tutorial 5-student_ooblob\debug\pcontacts.obj
d:\usw cs doc\oop\assignment 2\cs4d768 tutorial 5-student_ooblob\debug\particle.obj
d:\usw cs doc\oop\assignment 2\cs4d768 tutorial 5-student_ooblob\debug\main.obj
d:\usw cs doc\oop\assignment 2\cs4d768 tutorial 5-student_ooblob\debug\blobdemo.obj
d:\usw cs doc\oop\assignment 2\cs4d768 tutorial 5-student_ooblob\debug\app.obj
d:\usw cs doc\oop\assignment 2\cs4d768 tutorial 5-student_ooblob\debug\sphere.exe
d:\usw cs doc\oop\assignment 2\cs4d768 tutorial 5-student_ooblob\debug\sphere.pdb
d:\usw cs doc\oop\assignment 2\cs4d768 tutorial 5-student_ooblob\debug\sphere.ilk
d:\usw cs doc\oop\assignment 2\cs4d768 tutorial 5-student_ooblob\debug\..\debug\sphere.pdb
d:\usw cs doc\oop\assignment 2\cs4d768 tutorial 5-student_ooblob\debug\..\debug\sphere.ilk
d:\usw cs doc\oop\assignment 2\cs4d768 tutorial 5-student_ooblob\debug\..\debug\sphere.vcxproj.filelistabsolute.txt
d:\usw cs doc\oop\assignment 2\cs4d768 tutorial 5-student_ooblob\debug\sphere.tlog\cl.command.1.tlog
d:\usw cs doc\oop\assignment 2\cs4d768 tutorial 5-student_ooblob\debug\sphere.tlog\cl.items.tlog
d:\usw cs doc\oop\assignment 2\cs4d768 tutorial 5-student_ooblob\debug\sphere.tlog\cl.read.1.tlog
d:\usw cs doc\oop\assignment 2\cs4d768 tutorial 5-student_ooblob\debug\sphere.tlog\cl.write.1.tlog
d:\usw cs doc\oop\assignment 2\cs4d768 tutorial 5-student_ooblob\debug\sphere.tlog\link.command.1.tlog
d:\usw cs doc\oop\assignment 2\cs4d768 tutorial 5-student_ooblob\debug\sphere.tlog\link.read.1.tlog
d:\usw cs doc\oop\assignment 2\cs4d768 tutorial 5-student_ooblob\debug\sphere.tlog\link.secondary.1.tlog
d:\usw cs doc\oop\assignment 2\cs4d768 tutorial 5-student_ooblob\debug\sphere.tlog\link.write.1.tlog
